21-10-2010 15:02:20 - Exception: Der kunne ikke oprettes forbindelse til fjernserveren
21-10-2010 15:02:20 -    ved System.Net.HttpWebRequest.GetRequestStream(TransportContext& context)
   ved System.Net.HttpWebRequest.GetRequestStream()
   ved XbmcJson.JsonRpcClient.Invoke(String method, Object args, Nullable`1 timeout)
21-10-2010 15:41:44 - Exception: Handlingen fik timeout
21-10-2010 15:41:44 -    ved System.Net.HttpWebRequest.GetRequestStream(TransportContext& context)
   ved System.Net.HttpWebRequest.GetRequestStream()
   ved XbmcJson.JsonRpcClient.Invoke(String method, Object args, Nullable`1 timeout)
21-10-2010 16:11:21 - Exception: Handlingen fik timeout
21-10-2010 16:11:21 -    ved System.Net.HttpWebRequest.GetRequestStream(TransportContext& context)
   ved System.Net.HttpWebRequest.GetRequestStream()
   ved XbmcJson.JsonRpcClient.Invoke(String method, Object args, Nullable`1 timeout)
21-10-2010 16:12:30 - Exception: Handlingen fik timeout
21-10-2010 16:12:30 -    ved System.Net.HttpWebRequest.GetRequestStream(TransportContext& context)
   ved System.Net.HttpWebRequest.GetRequestStream()
   ved XbmcJson.JsonRpcClient.Invoke(String method, Object args, Nullable`1 timeout)
21-10-2010 16:17:14 - Exception: Handlingen fik timeout
21-10-2010 16:17:14 -    ved System.Net.HttpWebRequest.GetRequestStream(TransportContext& context)
   ved System.Net.HttpWebRequest.GetRequestStream()
   ved XbmcJson.JsonRpcClient.Invoke(String method, Object args, Nullable`1 timeout)
21-10-2010 16:18:36 - Exception: Der kunne ikke oprettes forbindelse til fjernserveren
21-10-2010 16:18:36 -    ved System.Net.HttpWebRequest.GetRequestStream(TransportContext& context)
   ved System.Net.HttpWebRequest.GetRequestStream()
   ved XbmcJson.JsonRpcClient.Invoke(String method, Object args, Nullable`1 timeout)
21-10-2010 16:19:02 - Invoke: {
  "jsonrpc": "2.0",
  "method": "JSONRPC.Ping",
  "id": 1
}
21-10-2010 16:19:02 - Response: pong
21-10-2010 16:22:23 - Exception: Der kunne ikke oprettes forbindelse til fjernserveren
21-10-2010 16:22:23 -    ved System.Net.HttpWebRequest.GetRequestStream(TransportContext& context)
   ved System.Net.HttpWebRequest.GetRequestStream()
   ved XbmcJson.JsonRpcClient.Invoke(String method, Object args, Nullable`1 timeout)
21-10-2010 16:22:23 - Invoke: {
  "jsonrpc": "2.0",
  "method": "JSONRPC.Ping",
  "id": 1
}
21-10-2010 16:22:23 - Response: pong
21-10-2010 16:25:28 - Exception: Der kunne ikke oprettes forbindelse til fjernserveren
21-10-2010 16:25:28 -    ved System.Net.HttpWebRequest.GetRequestStream(TransportContext& context)
   ved System.Net.HttpWebRequest.GetRequestStream()
   ved XbmcJson.JsonRpcClient.Invoke(String method, Object args, Nullable`1 timeout)
21-10-2010 16:25:28 - Invoke: {
  "jsonrpc": "2.0",
  "method": "JSONRPC.Ping",
  "id": 1
}
21-10-2010 16:25:28 - Response: pong
21-10-2010 16:25:56 - Exception: Der kunne ikke oprettes forbindelse til fjernserveren
21-10-2010 16:25:56 -    ved System.Net.HttpWebRequest.GetRequestStream(TransportContext& context)
   ved System.Net.HttpWebRequest.GetRequestStream()
   ved XbmcJson.JsonRpcClient.Invoke(String method, Object args, Nullable`1 timeout)
21-10-2010 16:25:56 - Invoke: {
  "jsonrpc": "2.0",
  "method": "JSONRPC.Ping",
  "id": 1
}
21-10-2010 16:25:57 - Response: pong
21-10-2010 16:30:16 - Exception: Der kunne ikke oprettes forbindelse til fjernserveren
21-10-2010 16:30:16 -    ved System.Net.HttpWebRequest.GetRequestStream(TransportContext& context)
   ved System.Net.HttpWebRequest.GetRequestStream()
   ved XbmcJson.JsonRpcClient.Invoke(String method, Object args, Nullable`1 timeout)
21-10-2010 16:30:16 - Invoke: {
  "jsonrpc": "2.0",
  "method": "JSONRPC.Ping",
  "id": 1
}
21-10-2010 16:30:16 - Response: pong
21-10-2010 16:31:07 - Exception: Der kunne ikke oprettes forbindelse til fjernserveren
21-10-2010 16:31:07 -    ved System.Net.HttpWebRequest.GetRequestStream(TransportContext& context)
   ved System.Net.HttpWebRequest.GetRequestStream()
   ved XbmcJson.JsonRpcClient.Invoke(String method, Object args, Nullable`1 timeout)
21-10-2010 16:31:08 - Invoke: {
  "jsonrpc": "2.0",
  "method": "JSONRPC.Ping",
  "id": 1
}
21-10-2010 16:31:08 - Response: pong
21-10-2010 16:32:06 - Exception: Der kunne ikke oprettes forbindelse til fjernserveren
21-10-2010 16:32:06 -    ved System.Net.HttpWebRequest.GetRequestStream(TransportContext& context)
   ved System.Net.HttpWebRequest.GetRequestStream()
   ved XbmcJson.JsonRpcClient.Invoke(String method, Object args, Nullable`1 timeout)
21-10-2010 16:32:06 - Invoke: {
  "jsonrpc": "2.0",
  "method": "JSONRPC.Ping",
  "id": 1
}
21-10-2010 16:32:06 - Response: pong
